# JRE version: OpenJDK Runtime Environment Microsoft-8035250 (11.0.20+8) (build 11.0.20+8-LTS)
# Java VM: OpenJDK 64-Bit Server VM Microsoft-8035250 (11.0.20+8-LTS, mixed mode, tiered, compressed oops, g1 gc, windows-amd64)
Heap:
 garbage-first heap   total 129024K, used 85905K [0x0000000080000000, 0x0000000100000000)
  region size 1024K, 9 young (9216K), 4 survivors (4096K)
 Metaspace       used 88689K, capacity 91451K, committed 91568K, reserved 595968K
  class space    used 11469K, capacity 12535K, committed 12544K, reserved 516096K
GC Heap History (20 events):
Event: 194.724 GC heap before
{Heap before GC invocations=18 (full 0):
 garbage-first heap   total 129024K, used 107239K [0x0000000080000000, 0x0000000100000000)
  region size 1024K, 53 young (54272K), 7 survivors (7168K)
 Metaspace       used 75362K, capacity 77899K, committed 78128K, reserved 583680K
  class space    used 9810K, capacity 10836K, committed 10880K, reserved 516096K
}
Event: 194.751 GC heap after
{Heap after GC invocations=19 (full 0):
 garbage-first heap   total 129024K, used 65740K [0x0000000080000000, 0x0000000100000000)
  region size 1024K, 6 young (6144K), 6 survivors (6144K)
 Metaspace       used 75362K, capacity 77899K, committed 78128K, reserved 583680K
  class space    used 9810K, capacity 10836K, committed 10880K, reserved 516096K
}
Event: 200.183 GC heap before
{Heap before GC invocations=19 (full 0):
 garbage-first heap   total 129024K, used 105676K [0x0000000080000000, 0x0000000100000000)
  region size 1024K, 45 young (46080K), 6 survivors (6144K)
 Metaspace       used 80199K, capacity 82851K, committed 83120K, reserved 587776K
  class space    used 10366K, capacity 11415K, committed 11520K, reserved 516096K
}
Event: 200.217 GC heap after
{Heap after GC invocations=20 (full 0):
 garbage-first heap   total 129024K, used 68260K [0x0000000080000000, 0x0000000100000000)
  region size 1024K, 3 young (3072K), 3 survivors (3072K)
 Metaspace       used 80199K, capacity 82851K, committed 83120K, reserved 587776K
  class space    used 10366K, capacity 11415K, committed 11520K, reserved 516096K
}
Event: 201.871 GC heap before
{Heap before GC invocations=21 (full 0):
 garbage-first heap   total 129024K, used 74404K [0x0000000080000000, 0x0000000100000000)
  region size 1024K, 10 young (10240K), 3 survivors (3072K)
 Metaspace       used 81589K, capacity 84199K, committed 84528K, reserved 589824K
  class space    used 10502K, capacity 11523K, committed 11648K, reserved 516096K
}
Event: 201.879 GC heap after
{Heap after GC invocations=22 (full 0):
 garbage-first heap   total 129024K, used 70571K [0x0000000080000000, 0x0000000100000000)
  region size 1024K, 5 young (5120K), 5 survivors (5120K)
 Metaspace       used 81589K, capacity 84199K, committed 84528K, reserved 589824K
  class space    used 10502K, capacity 11523K, committed 11648K, reserved 516096K
}
Event: 202.315 GC heap before
{Heap before GC invocations=23 (full 0):
 garbage-first heap   total 129024K, used 86955K [0x0000000080000000, 0x0000000100000000)
  region size 1024K, 16 young (16384K), 5 survivors (5120K)
 Metaspace       used 81593K, capacity 84199K, committed 84528K, reserved 589824K
  class space    used 10502K, capacity 11523K, committed 11648K, reserved 516096K
}
Event: 202.324 GC heap after
{Heap after GC invocations=24 (full 0):
 garbage-first heap   total 129024K, used 77125K [0x0000000080000000, 0x0000000100000000)
  region size 1024K, 4 young (4096K), 4 survivors (4096K)
 Metaspace       used 81593K, capacity 84199K, committed 84528K, reserved 589824K
  class space    used 10502K, capacity 11523K, committed 11648K, reserved 516096K
}
Event: 204.388 GC heap before
{Heap before GC invocations=25 (full 0):
 garbage-first heap   total 129024K, used 99653K [0x0000000080000000, 0x0000000100000000)
  region size 1024K, 24 young (24576K), 4 survivors (4096K)
 Metaspace       used 83137K, capacity 85734K, committed 85936K, reserved 591872K
  class space    used 10714K, capacity 11752K, committed 11776K, reserved 516096K
}
Event: 204.396 GC heap after
{Heap after GC invocations=26 (full 0):
 garbage-first heap   total 129024K, used 74766K [0x0000000080000000, 0x0000000100000000)
  region size 1024K, 3 young (3072K), 3 survivors (3072K)
 Metaspace       used 83137K, capacity 85734K, committed 85936K, reserved 591872K
  class space    used 10714K, capacity 11752K, committed 11776K, reserved 516096K
}
Event: 206.091 GC heap before
{Heap before GC invocations=26 (full 0):
 garbage-first heap   total 129024K, used 97294K [0x0000000080000000, 0x0000000100000000)
  region size 1024K, 25 young (25600K), 3 survivors (3072K)
 Metaspace       used 84979K, capacity 87595K, committed 87728K, reserved 591872K
  class space    used 10941K, capacity 11985K, committed 12032K, reserved 516096K
}
Event: 206.097 GC heap after
{Heap after GC invocations=27 (full 0):
 garbage-first heap   total 129024K, used 76125K [0x0000000080000000, 0x0000000100000000)
  region size 1024K, 2 young (2048K), 2 survivors (2048K)
 Metaspace       used 84979K, capacity 87595K, committed 87728K, reserved 591872K
  class space    used 10941K, capacity 11985K, committed 12032K, reserved 516096K
}
Event: 207.010 GC heap before
{Heap before GC invocations=28 (full 0):
 garbage-first heap   total 129024K, used 84317K [0x0000000080000000, 0x0000000100000000)
  region size 1024K, 11 young (11264K), 2 survivors (2048K)
 Metaspace       used 85729K, capacity 88341K, committed 88624K, reserved 593920K
  class space    used 11048K, capacity 12083K, committed 12160K, reserved 516096K
}
Event: 207.018 GC heap after
{Heap after GC invocations=29 (full 0):
 garbage-first heap   total 129024K, used 76750K [0x0000000080000000, 0x0000000100000000)
  region size 1024K, 3 young (3072K), 3 survivors (3072K)
 Metaspace       used 85729K, capacity 88341K, committed 88624K, reserved 593920K
  class space    used 11048K, capacity 12083K, committed 12160K, reserved 516096K
}
Event: 209.108 GC heap before
{Heap before GC invocations=30 (full 0):
 garbage-first heap   total 129024K, used 101326K [0x0000000080000000, 0x0000000100000000)
  region size 1024K, 26 young (26624K), 3 survivors (3072K)
 Metaspace       used 86914K, capacity 89536K, committed 89776K, reserved 593920K
  class space    used 11235K, capacity 12264K, committed 12288K, reserved 516096K
}
Event: 209.116 GC heap after
{Heap after GC invocations=31 (full 0):
 garbage-first heap   total 129024K, used 77976K [0x0000000080000000, 0x0000000100000000)
  region size 1024K, 4 young (4096K), 4 survivors (4096K)
 Metaspace       used 86914K, capacity 89536K, committed 89776K, reserved 593920K
  class space    used 11235K, capacity 12264K, committed 12288K, reserved 516096K
}
Event: 210.296 GC heap before
{Heap before GC invocations=31 (full 0):
 garbage-first heap   total 129024K, used 102552K [0x0000000080000000, 0x0000000100000000)
  region size 1024K, 28 young (28672K), 4 survivors (4096K)
 Metaspace       used 86997K, capacity 89698K, committed 89904K, reserved 593920K
  class space    used 11241K, capacity 12296K, committed 12416K, reserved 516096K
}
Event: 210.312 GC heap after
{Heap after GC invocations=32 (full 0):
 garbage-first heap   total 129024K, used 79688K [0x0000000080000000, 0x0000000100000000)
  region size 1024K, 4 young (4096K), 4 survivors (4096K)
 Metaspace       used 86997K, capacity 89698K, committed 89904K, reserved 593920K
  class space    used 11241K, capacity 12296K, committed 12416K, reserved 516096K
}
Event: 275.684 GC heap before
{Heap before GC invocations=33 (full 0):
 garbage-first heap   total 129024K, used 104264K [0x0000000080000000, 0x0000000100000000)
  region size 1024K, 28 young (28672K), 4 survivors (4096K)
 Metaspace       used 88338K, capacity 91067K, committed 91312K, reserved 595968K
  class space    used 11413K, capacity 12471K, committed 12544K, reserved 516096K
}
Event: 276.133 GC heap after
{Heap after GC invocations=34 (full 0):
 garbage-first heap   total 129024K, used 81809K [0x0000000080000000, 0x0000000100000000)
  region size 1024K, 4 young (4096K), 4 survivors (4096K)
 Metaspace       used 88338K, capacity 91067K, committed 91312K, reserved 595968K
  class space    used 11413K, capacity 12471K, committed 12544K, reserved 516096K
}

