# JRE version: OpenJDK Runtime Environment Microsoft-8035250 (11.0.20+8) (build 11.0.20+8-LTS)
# Java VM: OpenJDK 64-Bit Server VM Microsoft-8035250 (11.0.20+8-LTS, mixed mode, tiered, compressed oops, g1 gc, windows-amd64)
Heap:
 garbage-first heap   total 129024K, used 97044K [0x0000000080000000, 0x0000000100000000)
  region size 1024K, 24 young (24576K), 5 survivors (5120K)
 Metaspace       used 87054K, capacity 89564K, committed 89736K, reserved 593920K
  class space    used 11245K, capacity 12291K, committed 12416K, reserved 516096K
GC Heap History (20 events):
Event: 174.020 GC heap before
{Heap before GC invocations=16 (full 0):
 garbage-first heap   total 129024K, used 103094K [0x0000000080000000, 0x0000000100000000)
  region size 1024K, 58 young (59392K), 4 survivors (4096K)
 Metaspace       used 66697K, capacity 68635K, committed 68872K, reserved 577536K
  class space    used 8652K, capacity 9436K, committed 9472K, reserved 516096K
}
Event: 174.040 GC heap after
{Heap after GC invocations=17 (full 0):
 garbage-first heap   total 129024K, used 50965K [0x0000000080000000, 0x0000000100000000)
  region size 1024K, 8 young (8192K), 8 survivors (8192K)
 Metaspace       used 66697K, capacity 68635K, committed 68872K, reserved 577536K
  class space    used 8652K, capacity 9436K, committed 9472K, reserved 516096K
}
Event: 184.138 GC heap before
{Heap before GC invocations=17 (full 0):
 garbage-first heap   total 129024K, used 103189K [0x0000000080000000, 0x0000000100000000)
  region size 1024K, 59 young (60416K), 8 survivors (8192K)
 Metaspace       used 69426K, capacity 71539K, committed 71688K, reserved 579584K
  class space    used 9020K, capacity 9895K, committed 9984K, reserved 516096K
}
Event: 184.153 GC heap after
{Heap after GC invocations=18 (full 0):
 garbage-first heap   total 129024K, used 54379K [0x0000000080000000, 0x0000000100000000)
  region size 1024K, 7 young (7168K), 7 survivors (7168K)
 Metaspace       used 69426K, capacity 71539K, committed 71688K, reserved 579584K
  class space    used 9020K, capacity 9895K, committed 9984K, reserved 516096K
}
Event: 194.960 GC heap before
{Heap before GC invocations=18 (full 0):
 garbage-first heap   total 129024K, used 102507K [0x0000000080000000, 0x0000000100000000)
  region size 1024K, 55 young (56320K), 7 survivors (7168K)
 Metaspace       used 73050K, capacity 75353K, committed 75528K, reserved 581632K
  class space    used 9500K, capacity 10437K, committed 10496K, reserved 516096K
}
Event: 194.980 GC heap after
{Heap after GC invocations=19 (full 0):
 garbage-first heap   total 129024K, used 58690K [0x0000000080000000, 0x0000000100000000)
  region size 1024K, 5 young (5120K), 5 survivors (5120K)
 Metaspace       used 73050K, capacity 75353K, committed 75528K, reserved 581632K
  class space    used 9500K, capacity 10437K, committed 10496K, reserved 516096K
}
Event: 204.508 GC heap before
{Heap before GC invocations=19 (full 0):
 garbage-first heap   total 129024K, used 104770K [0x0000000080000000, 0x0000000100000000)
  region size 1024K, 49 young (50176K), 5 survivors (5120K)
 Metaspace       used 76722K, capacity 79066K, committed 79240K, reserved 585728K
  class space    used 9894K, capacity 10832K, committed 10880K, reserved 516096K
}
Event: 204.533 GC heap after
{Heap after GC invocations=20 (full 0):
 garbage-first heap   total 129024K, used 64371K [0x0000000080000000, 0x0000000100000000)
  region size 1024K, 5 young (5120K), 5 survivors (5120K)
 Metaspace       used 76722K, capacity 79066K, committed 79240K, reserved 585728K
  class space    used 9894K, capacity 10832K, committed 10880K, reserved 516096K
}
Event: 208.864 GC heap before
{Heap before GC invocations=20 (full 0):
 garbage-first heap   total 129024K, used 82803K [0x0000000080000000, 0x0000000100000000)
  region size 1024K, 24 young (24576K), 5 survivors (5120K)
 Metaspace       used 79572K, capacity 82033K, committed 82184K, reserved 587776K
  class space    used 10221K, capacity 11226K, committed 11264K, reserved 516096K
}
Event: 208.939 GC heap after
{Heap after GC invocations=21 (full 0):
 garbage-first heap   total 129024K, used 67518K [0x0000000080000000, 0x0000000100000000)
  region size 1024K, 4 young (4096K), 4 survivors (4096K)
 Metaspace       used 79572K, capacity 82033K, committed 82184K, reserved 587776K
  class space    used 10221K, capacity 11226K, committed 11264K, reserved 516096K
}
Event: 210.006 GC heap before
{Heap before GC invocations=22 (full 0):
 garbage-first heap   total 129024K, used 83902K [0x0000000080000000, 0x0000000100000000)
  region size 1024K, 15 young (15360K), 4 survivors (4096K)
 Metaspace       used 79559K, capacity 82003K, committed 82184K, reserved 587776K
  class space    used 10216K, capacity 11216K, committed 11264K, reserved 516096K
}
Event: 210.022 GC heap after
{Heap after GC invocations=23 (full 0):
 garbage-first heap   total 129024K, used 74408K [0x0000000080000000, 0x0000000100000000)
  region size 1024K, 4 young (4096K), 4 survivors (4096K)
 Metaspace       used 79559K, capacity 82003K, committed 82184K, reserved 587776K
  class space    used 10216K, capacity 11216K, committed 11264K, reserved 516096K
}
Event: 214.328 GC heap before
{Heap before GC invocations=24 (full 0):
 garbage-first heap   total 129024K, used 106152K [0x0000000080000000, 0x0000000100000000)
  region size 1024K, 33 young (33792K), 4 survivors (4096K)
 Metaspace       used 81894K, capacity 84320K, committed 84488K, reserved 589824K
  class space    used 10512K, capacity 11512K, committed 11520K, reserved 516096K
}
Event: 214.349 GC heap after
{Heap after GC invocations=25 (full 0):
 garbage-first heap   total 129024K, used 72590K [0x0000000080000000, 0x0000000100000000)
  region size 1024K, 4 young (4096K), 4 survivors (4096K)
 Metaspace       used 81894K, capacity 84320K, committed 84488K, reserved 589824K
  class space    used 10512K, capacity 11512K, committed 11520K, reserved 516096K
}
Event: 216.901 GC heap before
{Heap before GC invocations=25 (full 0):
 garbage-first heap   total 129024K, used 91022K [0x0000000080000000, 0x0000000100000000)
  region size 1024K, 24 young (24576K), 4 survivors (4096K)
 Metaspace       used 83693K, capacity 86042K, committed 86280K, reserved 591872K
  class space    used 10764K, capacity 11743K, committed 11776K, reserved 516096K
}
Event: 216.911 GC heap after
{Heap after GC invocations=26 (full 0):
 garbage-first heap   total 129024K, used 74117K [0x0000000080000000, 0x0000000100000000)
  region size 1024K, 2 young (2048K), 2 survivors (2048K)
 Metaspace       used 83693K, capacity 86042K, committed 86280K, reserved 591872K
  class space    used 10764K, capacity 11743K, committed 11776K, reserved 516096K
}
Event: 222.138 GC heap before
{Heap before GC invocations=27 (full 0):
 garbage-first heap   total 129024K, used 105861K [0x0000000080000000, 0x0000000100000000)
  region size 1024K, 32 young (32768K), 2 survivors (2048K)
 Metaspace       used 84915K, capacity 87405K, committed 87560K, reserved 591872K
  class space    used 10959K, capacity 11959K, committed 12032K, reserved 516096K
}
Event: 222.145 GC heap after
{Heap after GC invocations=28 (full 0):
 garbage-first heap   total 129024K, used 75639K [0x0000000080000000, 0x0000000100000000)
  region size 1024K, 3 young (3072K), 3 survivors (3072K)
 Metaspace       used 84915K, capacity 87405K, committed 87560K, reserved 591872K
  class space    used 10959K, capacity 11959K, committed 12032K, reserved 516096K
}
Event: 276.796 GC heap before
{Heap before GC invocations=28 (full 0):
 garbage-first heap   total 129024K, used 106359K [0x0000000080000000, 0x0000000100000000)
  region size 1024K, 33 young (33792K), 3 survivors (3072K)
 Metaspace       used 85256K, capacity 87702K, committed 87944K, reserved 593920K
  class space    used 10997K, capacity 12034K, committed 12160K, reserved 516096K
}
Event: 277.115 GC heap after
{Heap after GC invocations=29 (full 0):
 garbage-first heap   total 129024K, used 78612K [0x0000000080000000, 0x0000000100000000)
  region size 1024K, 5 young (5120K), 5 survivors (5120K)
 Metaspace       used 85256K, capacity 87702K, committed 87944K, reserved 593920K
  class space    used 10997K, capacity 12034K, committed 12160K, reserved 516096K
}

